This file contains any messages produced by compilers while
running configure, to aid debugging if configure makes a mistake.

It was created by main configure 1.0, which was
generated by GNU Autoconf 2.69.  Invocation command line was

  $ ./configure 

## --------- ##
## Platform. ##
## --------- ##

hostname = localhost.localdomain
uname -m = i686
uname -r = 3.10.0-693.17.1.el7.centos.plus.i686
uname -s = Linux
uname -v = #1 SMP Mon Jan 29 07:19:30 UTC 2018

/usr/bin/uname -p = i686
/bin/uname -X     = unknown

/bin/arch              = i686
/usr/bin/arch -k       = unknown
/usr/convex/getsysinfo = unknown
/usr/bin/hostinfo      = unknown
/bin/machine           = unknown
/usr/bin/oslevel       = unknown
/bin/universe          = unknown

PATH: /root/perl5/bin
PATH: /usr/lib/qt-3.3/bin
PATH: /home/jifukui/perl5/bin
PATH: /usr/local/bin
PATH: /usr/bin
PATH: /usr/local/sbin
PATH: /usr/sbin
PATH: /home/jifukui/gcc_arm_embedded/gcc-arm-none-eabi-5_4-2016q3/bin
PATH: /opt/eldk-5.5.2/powerpc/sysroots/i686-eldk-linux/usr/bin
PATH: /opt/eldk-5.5.2/powerpc/sysroots/i686-eldk-linux/usr/bin/powerpc-linux
PATH: /opt/hisi-linux/x86-arm/arm-hisiv400-linux/target/bin
PATH: /home/jifukui/.local/bin
PATH: /home/jifukui/bin


## ----------- ##
## Core tests. ##
## ----------- ##

configure:1840: checking for gcc
configure:1856: found /usr/bin/gcc
configure:1867: result: gcc
configure:2096: checking for C compiler version
configure:2105: gcc --version >&5
gcc (GCC) 4.8.5 20150623 (Red Hat 4.8.5-16)
Copyright (C) 2015 Free Software Foundation, Inc.
This is free software; see the source for copying conditions.  There is NO
warranty; not even for MERCHANTABILITY or FITNESS FOR A PARTICULAR PURPOSE.

configure:2116: $? = 0
configure:2105: gcc -v >&5
Using built-in specs.
COLLECT_GCC=gcc
COLLECT_LTO_WRAPPER=/usr/libexec/gcc/i686-redhat-linux/4.8.5/lto-wrapper
Target: i686-redhat-linux
Configured with: ../configure --prefix=/usr --mandir=/usr/share/man --infodir=/usr/share/info --with-bugurl=http://bugzilla.redhat.com/bugzilla --enable-bootstrap --enable-shared --enable-threads=posix --enable-checking=release --with-system-zlib --enable-__cxa_atexit --disable-libunwind-exceptions --enable-gnu-unique-object --enable-linker-build-id --with-linker-hash-style=gnu --enable-languages=c,c++,objc,obj-c++,java,fortran,ada,go,lto --enable-plugin --enable-initfini-array --disable-libgcj --with-isl=/builddir/build/BUILD/gcc-4.8.5-20150702/obj-i686-redhat-linux/isl-install --with-cloog=/builddir/build/BUILD/gcc-4.8.5-20150702/obj-i686-redhat-linux/cloog-install --enable-gnu-indirect-function --with-tune=generic --with-arch=x86-64 --build=i686-redhat-linux
Thread model: posix
gcc version 4.8.5 20150623 (Red Hat 4.8.5-16) (GCC) 
configure:2116: $? = 0
configure:2105: gcc -V >&5
gcc: error: unrecognized command line option '-V'
gcc: fatal error: no input files
compilation terminated.
configure:2116: $? = 4
configure:2105: gcc -qversion >&5
gcc: error: unrecognized command line option '-qversion'
gcc: fatal error: no input files
compilation terminated.
configure:2116: $? = 4
configure:2136: checking whether the C compiler works
configure:2158: gcc    conftest.c  >&5
configure:2162: $? = 0
configure:2210: result: yes
configure:2213: checking for C compiler default output file name
configure:2215: result: a.out
configure:2221: checking for suffix of executables
configure:2228: gcc -o conftest    conftest.c  >&5
configure:2232: $? = 0
configure:2254: result: 
configure:2276: checking whether we are cross compiling
configure:2284: gcc -o conftest    conftest.c  >&5
configure:2288: $? = 0
configure:2295: ./conftest
configure:2299: $? = 0
configure:2314: result: no
configure:2319: checking for suffix of object files
configure:2341: gcc -c   conftest.c >&5
configure:2345: $? = 0
configure:2366: result: o
configure:2370: checking whether we are using the GNU C compiler
configure:2389: gcc -c   conftest.c >&5
configure:2389: $? = 0
configure:2398: result: yes
configure:2407: checking whether gcc accepts -g
configure:2427: gcc -c -g  conftest.c >&5
configure:2427: $? = 0
configure:2468: result: yes
configure:2485: checking for gcc option to accept ISO C89
configure:2548: gcc  -c -g -O2  conftest.c >&5
configure:2548: $? = 0
configure:2561: result: none needed
configure:2618: checking whether gcc understands -c and -o together
configure:2640: gcc -c conftest.c -o conftest2.o
configure:2643: $? = 0
configure:2640: gcc -c conftest.c -o conftest2.o
configure:2643: $? = 0
configure:2655: result: yes

## ---------------- ##
## Cache variables. ##
## ---------------- ##

ac_cv_c_compiler_gnu=yes
ac_cv_env_CC_set=
ac_cv_env_CC_value=
ac_cv_env_CFLAGS_set=
ac_cv_env_CFLAGS_value=
ac_cv_env_CPPFLAGS_set=
ac_cv_env_CPPFLAGS_value=
ac_cv_env_LDFLAGS_set=
ac_cv_env_LDFLAGS_value=
ac_cv_env_LIBS_set=
ac_cv_env_LIBS_value=
ac_cv_env_build_alias_set=
ac_cv_env_build_alias_value=
ac_cv_env_host_alias_set=
ac_cv_env_host_alias_value=
ac_cv_env_target_alias_set=
ac_cv_env_target_alias_value=
ac_cv_objext=o
ac_cv_prog_ac_ct_CC=gcc
ac_cv_prog_cc_c89=
ac_cv_prog_cc_g=yes
am_cv_prog_cc_c_o=yes

## ----------------- ##
## Output variables. ##
## ----------------- ##

ACLOCAL=''
AMDEPBACKSLASH=''
AMDEP_FALSE=''
AMDEP_TRUE=''
AMTAR=''
AM_BACKSLASH=''
AM_DEFAULT_V=''
AM_DEFAULT_VERBOSITY=''
AM_V=''
AUTOCONF=''
AUTOHEADER=''
AUTOMAKE=''
AWK=''
CC='gcc'
CCDEPMODE=''
CFLAGS='-g -O2'
CPPFLAGS=''
CYGPATH_W=''
DEFS=''
DEPDIR=''
ECHO_C=''
ECHO_N='-n'
ECHO_T=''
EXEEXT=''
INSTALL_DATA=''
INSTALL_PROGRAM=''
INSTALL_SCRIPT=''
INSTALL_STRIP_PROGRAM=''
LDFLAGS=''
LIBOBJS=''
LIBS=''
LTLIBOBJS=''
MAKEINFO=''
MKDIR_P=''
OBJEXT='o'
PACKAGE=''
PACKAGE_BUGREPORT='805013833@qq.com'
PACKAGE_NAME='main'
PACKAGE_STRING='main 1.0'
PACKAGE_TARNAME='main'
PACKAGE_URL=''
PACKAGE_VERSION='1.0'
PATH_SEPARATOR=':'
SET_MAKE=''
SHELL='/bin/sh'
STRIP=''
VERSION=''
ac_ct_CC='gcc'
am__EXEEXT_FALSE=''
am__EXEEXT_TRUE=''
am__fastdepCC_FALSE=''
am__fastdepCC_TRUE=''
am__include=''
am__isrc=''
am__leading_dot=''
am__nodep=''
am__quote=''
am__tar=''
am__untar=''
bindir='${exec_prefix}/bin'
build_alias=''
datadir='${datarootdir}'
datarootdir='${prefix}/share'
docdir='${datarootdir}/doc/${PACKAGE_TARNAME}'
dvidir='${docdir}'
exec_prefix='NONE'
host_alias=''
htmldir='${docdir}'
includedir='${prefix}/include'
infodir='${datarootdir}/info'
install_sh=''
libdir='${exec_prefix}/lib'
libexecdir='${exec_prefix}/libexec'
localedir='${datarootdir}/locale'
localstatedir='${prefix}/var'
mandir='${datarootdir}/man'
mkdir_p=''
oldincludedir='/usr/include'
pdfdir='${docdir}'
prefix='NONE'
program_transform_name='s,x,x,'
psdir='${docdir}'
sbindir='${exec_prefix}/sbin'
sharedstatedir='${prefix}/com'
sysconfdir='${prefix}/etc'
target_alias=''

## ----------- ##
## confdefs.h. ##
## ----------- ##

/* confdefs.h */
#define PACKAGE_NAME "main"
#define PACKAGE_TARNAME "main"
#define PACKAGE_VERSION "1.0"
#define PACKAGE_STRING "main 1.0"
#define PACKAGE_BUGREPORT "805013833@qq.com"
#define PACKAGE_URL ""

configure: exit 2
